c:\users\evean\documents\visual studio 2015\projects\graddivision\graddivision\debug\vc140.pdb
c:\users\evean\documents\visual studio 2015\projects\graddivision\graddivision\debug\myform3.obj
c:\users\evean\documents\visual studio 2015\projects\graddivision\graddivision\debug\myform2.obj
c:\users\evean\documents\visual studio 2015\projects\graddivision\graddivision\debug\myform1.obj
c:\users\evean\documents\visual studio 2015\projects\graddivision\graddivision\debug\myform.obj
c:\users\evean\documents\visual studio 2015\projects\graddivision\graddivision\debug\applicationcontext.obj
c:\users\evean\documents\visual studio 2015\projects\graddivision\graddivision\debug\.netframework,version=v4.5.2.assemblyattributes.obj
c:\users\evean\documents\visual studio 2015\projects\graddivision\graddivision\debug\.netframework,version=v4.5.2.assemblyattributes.asm
c:\users\evean\documents\visual studio 2015\projects\graddivision\graddivision\debug\graddivision.myform.resources
c:\users\evean\documents\visual studio 2015\projects\graddivision\graddivision\debug\graddivision.myform1.resources
c:\users\evean\documents\visual studio 2015\projects\graddivision\graddivision\debug\graddivision.myform2.resources
c:\users\evean\documents\visual studio 2015\projects\graddivision\graddivision\debug\graddivision.myform3.resources
c:\users\evean\documents\visual studio 2015\projects\graddivision\debug\graddivision.exe
c:\users\evean\documents\visual studio 2015\projects\graddivision\debug\graddivision.pdb
c:\users\evean\documents\visual studio 2015\projects\graddivision\graddivision\debug\graddivision.vcxproj.generateresource.cache
c:\users\evean\documents\visual studio 2015\projects\graddivision\graddivision\debug\graddivision.tlog\cl.command.1.tlog
c:\users\evean\documents\visual studio 2015\projects\graddivision\graddivision\debug\graddivision.tlog\cl.read.1.tlog
c:\users\evean\documents\visual studio 2015\projects\graddivision\graddivision\debug\graddivision.tlog\cl.write.1.tlog
c:\users\evean\documents\visual studio 2015\projects\graddivision\graddivision\debug\graddivision.tlog\graddivision.write.1u.tlog
c:\users\evean\documents\visual studio 2015\projects\graddivision\graddivision\debug\graddivision.tlog\link.command.1.tlog
c:\users\evean\documents\visual studio 2015\projects\graddivision\graddivision\debug\graddivision.tlog\link.read.1.tlog
c:\users\evean\documents\visual studio 2015\projects\graddivision\graddivision\debug\graddivision.tlog\link.write.1.tlog
c:\users\evean\documents\visual studio 2015\projects\graddivision\graddivision\debug\graddivision.tlog\metagen.read.1.tlog
c:\users\evean\documents\visual studio 2015\projects\graddivision\graddivision\debug\graddivision.tlog\metagen.write.1.tlog
c:\users\evean\documents\visual studio 2015\projects\graddivision\graddivision\debug\graddivision.tlog\tzres.dll.bi
